<?xml version="1.0" encoding="UTF-8"?>
<!-- Generated by org.testng.reporters.JUnitXMLReporter -->
<testsuite ignored="0" hostname="Lenovo" failures="0" tests="4" name="PetStoreUserTest" time="16.864" errors="0" timestamp="2024-09-25T11:38:10 IST">
  <testcase classname="api.tests.UserTests" name="testPostUser" time="7.691"/>
  <testcase classname="api.tests.UserTests" name="testGetUser" time="1.952"/>
  <testcase classname="api.tests.UserTests" name="testUpdateUser" time="4.46"/>
  <testcase classname="api.tests.UserTests" name="testDeleteUser" time="1.805"/>
</testsuite> <!-- PetStoreUserTest -->
