<?xml version="1.0" encoding="UTF-8"?>
<!-- Generated by org.testng.reporters.JUnitXMLReporter -->
<testsuite ignored="0" hostname="Lenovo" failures="0" tests="4" name="Default test" time="16.982" errors="0" timestamp="2024-09-25T11:35:00 IST">
  <testcase classname="api.tests.UserTests" name="testPostUser" time="9.174"/>
  <testcase classname="api.tests.UserTests" name="testGetUser" time="1.926"/>
  <testcase classname="api.tests.UserTests" name="testUpdateUser" time="2.473"/>
  <testcase classname="api.tests.UserTests" name="testDeleteUser" time="2.826"/>
</testsuite> <!-- Default test -->
