<?xml version="1.0" encoding="UTF-8"?>
<testsuite xmlns:xsi="http://www.w3.org/2001/XMLSchema-instance" xsi:noNamespaceSchemaLocation="https://maven.apache.org/surefire/maven-surefire-plugin/xsd/surefire-test-report-3.0.xsd" version="3.0" name="TestSuite" time="21.525" tests="4" errors="0" skipped="0" failures="0">
  <properties>
[...]
</properties>
  <testcase name="testPostUser" classname="api.tests.UserTests" time="7.73">
    <system-out><![CDATA[Request method:	POST
Request URI:	https://petstore.swagger.io/v2/user
Proxy:			<none>
Request params:	<none>
Query params:	<none>
Form params:	<none>
Path params:	<none>
Headers:		Accept=application/json, application/javascript, text/javascript, text/json
				Content-Type=application/json
Cookies:		<none>
Multiparts:		<none>
Body:
{
    "id": 981159997,
    "username": "devon.buckridge",
    "firstName": "Jesus",
    "lastName": "Nicolas",
    "email": "marianela.gorczany@example.com",
    "password": "vvng5",
    "phone": "(850) 239-5034",
    "userStatus": 0
}
HTTP/1.1 200 OK
Date: Wed, 25 Sep 2024 06:07:58 GMT
Content-Type: application/json
Transfer-Encoding: chunked
Connection: keep-alive
Access-Control-Allow-Origin: *
Access-Control-Allow-Methods: GET, POST, DELETE, PUT
Access-Control-Allow-Headers: Content-Type, api_key, Authorization
Server: Jetty(9.2.9.v20150224)

{
    "code": 200,
    "type": "unknown",
    "message": "981159997"
}
]]></system-out>
  </testcase>
  <testcase name="testGetUser" classname="api.tests.UserTests" time="1.954">
    <system-out><![CDATA[Request method:	GET
Request URI:	https://petstore.swagger.io/v2/user/devon.buckridge
Proxy:			<none>
Request params:	<none>
Query params:	<none>
Form params:	<none>
Path params:	username=devon.buckridge
Headers:		Accept=*/*
Cookies:		<none>
Multiparts:		<none>
Body:			<none>
HTTP/1.1 200 OK
Date: Wed, 25 Sep 2024 06:08:00 GMT
Content-Type: application/json
Transfer-Encoding: chunked
Connection: keep-alive
Access-Control-Allow-Origin: *
Access-Control-Allow-Methods: GET, POST, DELETE, PUT
Access-Control-Allow-Headers: Content-Type, api_key, Authorization
Server: Jetty(9.2.9.v20150224)

{
    "id": 981159997,
    "username": "devon.buckridge",
    "firstName": "Jesus",
    "lastName": "Nicolas",
    "email": "marianela.gorczany@example.com",
    "password": "vvng5",
    "phone": "(850) 239-5034",
    "userStatus": 0
}
]]></system-out>
  </testcase>
  <testcase name="testUpdateUser" classname="api.tests.UserTests" time="4.462">
    <system-out><![CDATA[Request method:	PUT
Request URI:	https://petstore.swagger.io/v2/user/devon.buckridge
Proxy:			<none>
Request params:	<none>
Query params:	<none>
Form params:	<none>
Path params:	username=devon.buckridge
Headers:		Accept=application/json, application/javascript, text/javascript, text/json
				Content-Type=application/json
Cookies:		<none>
Multiparts:		<none>
Body:
{
    "id": 981159997,
    "username": "devon.buckridge",
    "firstName": "Neida",
    "lastName": "Lindgren",
    "email": "thaddeus.roberts@example.com",
    "password": "vvng5",
    "phone": "(850) 239-5034",
    "userStatus": 0
}
HTTP/1.1 200 OK
Date: Wed, 25 Sep 2024 06:08:05 GMT
Content-Type: application/json
Transfer-Encoding: chunked
Connection: keep-alive
Access-Control-Allow-Origin: *
Access-Control-Allow-Methods: GET, POST, DELETE, PUT
Access-Control-Allow-Headers: Content-Type, api_key, Authorization
Server: Jetty(9.2.9.v20150224)

{
    "code": 200,
    "type": "unknown",
    "message": "981159997"
}
]]></system-out>
  </testcase>
  <testcase name="testDeleteUser" classname="api.tests.UserTests" time="1.808">
    <system-out><![CDATA[HTTP/1.1 200 OK
Date: Wed, 25 Sep 2024 06:08:07 GMT
Content-Type: application/json
Transfer-Encoding: chunked
Connection: keep-alive
Access-Control-Allow-Origin: *
Access-Control-Allow-Methods: GET, POST, DELETE, PUT
Access-Control-Allow-Headers: Content-Type, api_key, Authorization
Server: Jetty(9.2.9.v20150224)

{
    "code": 200,
    "type": "unknown",
    "message": "devon.buckridge"
}
]]></system-out>
  </testcase>
</testsuite>