<?xml version="1.0" encoding="UTF-8"?>
<testng-results ignored="0" total="4" passed="4" failed="0" skipped="0">
  <reporter-output>
  </reporter-output>
  <suite started-at="2024-09-25T11:37:50 IST" name="PetStoreSuite" finished-at="2024-09-25T11:38:07 IST" duration-ms="16864">
    <groups>
    </groups>
    <test started-at="2024-09-25T11:37:50 IST" name="PetStoreUserTest" finished-at="2024-09-25T11:38:07 IST" duration-ms="16864">
      <class name="api.tests.UserTests">
        <test-method is-config="true" signature="setUpData()[pri:0, instance:api.tests.UserTests@1506f20f]" started-at="2024-09-25T11:37:51 IST" name="setUpData" finished-at="2024-09-25T11:37:51 IST" duration-ms="415" status="PASS">
          <reporter-output>
          </reporter-output>
        </test-method> <!-- setUpData -->
        <test-method signature="testPostUser()[pri:1, instance:api.tests.UserTests@1506f20f]" started-at="2024-09-25T11:37:51 IST" name="testPostUser" finished-at="2024-09-25T11:37:59 IST" duration-ms="7691" status="PASS">
          <reporter-output>
          </reporter-output>
        </test-method> <!-- testPostUser -->
        <test-method signature="testGetUser()[pri:2, instance:api.tests.UserTests@1506f20f]" started-at="2024-09-25T11:37:59 IST" name="testGetUser" finished-at="2024-09-25T11:38:01 IST" duration-ms="1952" status="PASS">
          <reporter-output>
          </reporter-output>
        </test-method> <!-- testGetUser -->
        <test-method signature="testUpdateUser()[pri:3, instance:api.tests.UserTests@1506f20f]" started-at="2024-09-25T11:38:01 IST" name="testUpdateUser" finished-at="2024-09-25T11:38:05 IST" duration-ms="4460" status="PASS">
          <reporter-output>
          </reporter-output>
        </test-method> <!-- testUpdateUser -->
        <test-method signature="testDeleteUser()[pri:4, instance:api.tests.UserTests@1506f20f]" started-at="2024-09-25T11:38:05 IST" name="testDeleteUser" finished-at="2024-09-25T11:38:07 IST" duration-ms="1805" status="PASS">
          <reporter-output>
          </reporter-output>
        </test-method> <!-- testDeleteUser -->
      </class> <!-- api.tests.UserTests -->
    </test> <!-- PetStoreUserTest -->
  </suite> <!-- PetStoreSuite -->
</testng-results>
