<?xml version="1.0" encoding="UTF-8"?>
<testng-results ignored="0" total="4" passed="4" failed="0" skipped="0">
  <reporter-output>
  </reporter-output>
  <suite started-at="2024-09-25T11:34:43 IST" name="Default suite" finished-at="2024-09-25T11:35:00 IST" duration-ms="16982">
    <groups>
    </groups>
    <test started-at="2024-09-25T11:34:43 IST" name="Default test" finished-at="2024-09-25T11:35:00 IST" duration-ms="16982">
      <class name="api.tests.UserTests">
        <test-method is-config="true" signature="setUpData()[pri:0, instance:api.tests.UserTests@6b9ce1bf]" started-at="2024-09-25T11:34:43 IST" name="setUpData" finished-at="2024-09-25T11:34:44 IST" duration-ms="452" status="PASS">
          <reporter-output>
          </reporter-output>
        </test-method> <!-- setUpData -->
        <test-method signature="testPostUser()[pri:1, instance:api.tests.UserTests@6b9ce1bf]" started-at="2024-09-25T11:34:44 IST" name="testPostUser" finished-at="2024-09-25T11:34:53 IST" duration-ms="9174" status="PASS">
          <reporter-output>
          </reporter-output>
        </test-method> <!-- testPostUser -->
        <test-method signature="testGetUser()[pri:2, instance:api.tests.UserTests@6b9ce1bf]" started-at="2024-09-25T11:34:53 IST" name="testGetUser" finished-at="2024-09-25T11:34:55 IST" duration-ms="1926" status="PASS">
          <reporter-output>
          </reporter-output>
        </test-method> <!-- testGetUser -->
        <test-method signature="testUpdateUser()[pri:3, instance:api.tests.UserTests@6b9ce1bf]" started-at="2024-09-25T11:34:55 IST" name="testUpdateUser" finished-at="2024-09-25T11:34:57 IST" duration-ms="2473" status="PASS">
          <reporter-output>
          </reporter-output>
        </test-method> <!-- testUpdateUser -->
        <test-method signature="testDeleteUser()[pri:4, instance:api.tests.UserTests@6b9ce1bf]" started-at="2024-09-25T11:34:57 IST" name="testDeleteUser" finished-at="2024-09-25T11:35:00 IST" duration-ms="2826" status="PASS">
          <reporter-output>
          </reporter-output>
        </test-method> <!-- testDeleteUser -->
      </class> <!-- api.tests.UserTests -->
    </test> <!-- Default test -->
  </suite> <!-- Default suite -->
</testng-results>
