<?xml version="1.0" encoding="UTF-8"?>
<!-- Generated by org.testng.reporters.JUnitXMLReporter -->
<testsuite ignored="0" hostname="Lenovo" failures="0" tests="4" name="PetStoreUserTest" time="20.317" errors="0" timestamp="2024-09-25T11:10:39 IST">
  <testcase classname="api.tests.UserTests" name="testPostUser" time="8.006"/>
  <testcase classname="api.tests.UserTests" name="testGetUser" time="7.608"/>
  <testcase classname="api.tests.UserTests" name="testUpdateUser" time="2.189"/>
  <testcase classname="api.tests.UserTests" name="testDeleteUser" time="1.609"/>
</testsuite> <!-- PetStoreUserTest -->
